<?xml version="1.0" encoding="UTF-8"?>
<!-- Generated by org.testng.reporters.JUnitReportReporter -->
<testsuite hostname="Abhishek" failures="0" tests="2" name="testng.Test1" time="19.379" errors="0" timestamp="2024-07-26T23:20:45 IST" skipped="0">
  <testcase classname="testng.Test1" name="rclick" time="10.289"/>
  <system-out/>
  <testcase classname="testng.Test1" name="mover" time="9.090"/>
  <system-out/>
</testsuite> <!-- testng.Test1 -->
