<?xml version="1.0" encoding="UTF-8"?>
<!-- Generated by org.testng.reporters.JUnitReportReporter -->
<testsuite hostname="Abhishek" failures="0" tests="1" name="testng.Demo01" time="0.019" errors="0" timestamp="2024-07-25T23:23:36 IST" skipped="0">
  <testcase classname="testng.Demo01" name="f" time="0.019"/>
  <system-out/>
</testsuite> <!-- testng.Demo01 -->
