<?xml version="1.0" encoding="UTF-8"?>
<!-- Generated by org.testng.reporters.JUnitReportReporter -->
<testsuite hostname="Abhishek" failures="0" tests="1" name="testng.custom" time="0.011" errors="0" timestamp="2024-07-25T23:24:54 IST" skipped="0">
  <testcase classname="testng.custom" name="f" time="0.011"/>
  <system-out/>
</testsuite> <!-- testng.custom -->
