<?xml version="1.0" encoding="UTF-8"?>
<!-- Generated by org.testng.reporters.JUnitReportReporter -->
<testsuite hostname="Abhishek" failures="0" tests="4" name="testng.demo02" time="0.015" errors="0" timestamp="2024-07-25T23:39:05 IST" skipped="0">
  <testcase classname="testng.demo02" name="signup" time="0.011"/>
  <system-out/>
  <testcase classname="testng.demo02" name="login" time="0.001"/>
  <system-out/>
  <testcase classname="testng.demo02" name="addtocart" time="0.002"/>
  <system-out/>
  <testcase classname="testng.demo02" name="payment" time="0.001"/>
  <system-out/>
</testsuite> <!-- testng.demo02 -->
